<?xml version="1.0" encoding="UTF-8"?>
<testng-results skipped="0" failed="1" ignored="0" total="4" passed="3">
  <reporter-output>
  </reporter-output>
  <suite name="Suite" duration-ms="40400" started-at="2021-04-20T12:34:28 IST" finished-at="2021-04-20T12:35:08 IST">
    <groups>
    </groups>
    <test name="validatingTitles" duration-ms="15562" started-at="2021-04-20T12:34:28 IST" finished-at="2021-04-20T12:34:43 IST">
      <class name="Academy.ValidationTitles">
        <test-method status="PASS" signature="initializeDriver()[pri:0, instance:Academy.ValidationTitles@7bd7d6d6]" name="initializeDriver" is-config="true" duration-ms="9203" started-at="2021-04-20T12:34:28 IST" finished-at="2021-04-20T12:34:37 IST">
          <reporter-output>
          </reporter-output>
        </test-method> <!-- initializeDriver -->
        <test-method status="FAIL" signature="ValidateTitles()[pri:0, instance:Academy.ValidationTitles@7bd7d6d6]" name="ValidateTitles" duration-ms="143" started-at="2021-04-20T12:34:37 IST" finished-at="2021-04-20T12:34:37 IST">
          <exception class="java.lang.AssertionError">
            <message>
              <![CDATA[expected [FEATURddED COURSES] but found [FEATURED COURSES]]]>
            </message>
            <full-stacktrace>
              <![CDATA[java.lang.AssertionError: expected [FEATURddED COURSES] but found [FEATURED COURSES]
at org.testng.Assert.fail(Assert.java:99)
at org.testng.Assert.failNotEquals(Assert.java:1037)
at org.testng.Assert.assertEqualsImpl(Assert.java:140)
at org.testng.Assert.assertEquals(Assert.java:122)
at org.testng.Assert.assertEquals(Assert.java:629)
at org.testng.Assert.assertEquals(Assert.java:639)
at Academy.ValidationTitles.ValidateTitles(ValidationTitles.java:34)
at sun.reflect.NativeMethodAccessorImpl.invoke0(Native Method)
at sun.reflect.NativeMethodAccessorImpl.invoke(Unknown Source)
at sun.reflect.DelegatingMethodAccessorImpl.invoke(Unknown Source)
at java.lang.reflect.Method.invoke(Unknown Source)
at org.testng.internal.MethodInvocationHelper.invokeMethod(MethodInvocationHelper.java:133)
at org.testng.internal.TestInvoker.invokeMethod(TestInvoker.java:598)
at org.testng.internal.TestInvoker.invokeTestMethod(TestInvoker.java:173)
at org.testng.internal.MethodRunner.runInSequence(MethodRunner.java:46)
at org.testng.internal.TestInvoker$MethodInvocationAgent.invoke(TestInvoker.java:824)
at org.testng.internal.TestInvoker.invokeTestMethods(TestInvoker.java:146)
at org.testng.internal.TestMethodWorker.invokeTestMethods(TestMethodWorker.java:146)
at org.testng.internal.TestMethodWorker.run(TestMethodWorker.java:128)
at java.util.ArrayList.forEach(Unknown Source)
at org.testng.TestRunner.privateRun(TestRunner.java:794)
at org.testng.TestRunner.run(TestRunner.java:596)
at org.testng.SuiteRunner.runTest(SuiteRunner.java:377)
at org.testng.SuiteRunner.runSequentially(SuiteRunner.java:371)
at org.testng.SuiteRunner.privateRun(SuiteRunner.java:332)
at org.testng.SuiteRunner.run(SuiteRunner.java:276)
at org.testng.SuiteRunnerWorker.runSuite(SuiteRunnerWorker.java:53)
at org.testng.SuiteRunnerWorker.run(SuiteRunnerWorker.java:96)
at org.testng.TestNG.runSuitesSequentially(TestNG.java:1212)
at org.testng.TestNG.runSuitesLocally(TestNG.java:1134)
at org.testng.TestNG.runSuites(TestNG.java:1063)
at org.testng.TestNG.run(TestNG.java:1031)
at org.apache.maven.surefire.testng.TestNGExecutor.run(TestNGExecutor.java:284)
at org.apache.maven.surefire.testng.TestNGXmlTestSuite.execute(TestNGXmlTestSuite.java:75)
at org.apache.maven.surefire.testng.TestNGProvider.invoke(TestNGProvider.java:119)
at org.apache.maven.surefire.booter.ForkedBooter.runSuitesInProcess(ForkedBooter.java:428)
at org.apache.maven.surefire.booter.ForkedBooter.execute(ForkedBooter.java:162)
at org.apache.maven.surefire.booter.ForkedBooter.run(ForkedBooter.java:562)
at org.apache.maven.surefire.booter.ForkedBooter.main(ForkedBooter.java:548)
]]>
            </full-stacktrace>
          </exception> <!-- java.lang.AssertionError -->
          <reporter-output>
          </reporter-output>
        </test-method> <!-- ValidateTitles -->
        <test-method status="PASS" signature="tearDown()[pri:0, instance:Academy.ValidationTitles@7bd7d6d6]" name="tearDown" is-config="true" duration-ms="4488" started-at="2021-04-20T12:34:39 IST" finished-at="2021-04-20T12:34:43 IST">
          <reporter-output>
          </reporter-output>
        </test-method> <!-- tearDown -->
      </class> <!-- Academy.ValidationTitles -->
    </test> <!-- validatingTitles -->
    <test name="validating nav bars" duration-ms="8903" started-at="2021-04-20T12:34:44 IST" finished-at="2021-04-20T12:34:53 IST">
      <class name="Academy.ValidationNavBars">
        <test-method status="PASS" signature="initializeDriver()[pri:0, instance:Academy.ValidationNavBars@25df00a0]" name="initializeDriver" is-config="true" duration-ms="8268" started-at="2021-04-20T12:34:44 IST" finished-at="2021-04-20T12:34:52 IST">
          <reporter-output>
          </reporter-output>
        </test-method> <!-- initializeDriver -->
        <test-method status="PASS" signature="validateAppNavBars()[pri:0, instance:Academy.ValidationNavBars@25df00a0]" name="validateAppNavBars" duration-ms="198" started-at="2021-04-20T12:34:52 IST" finished-at="2021-04-20T12:34:53 IST">
          <reporter-output>
          </reporter-output>
        </test-method> <!-- validateAppNavBars -->
        <test-method status="PASS" signature="tearDown()[pri:0, instance:Academy.ValidationNavBars@25df00a0]" name="tearDown" is-config="true" duration-ms="435" started-at="2021-04-20T12:34:53 IST" finished-at="2021-04-20T12:34:53 IST">
          <reporter-output>
          </reporter-output>
        </test-method> <!-- tearDown -->
      </class> <!-- Academy.ValidationNavBars -->
    </test> <!-- validating nav bars -->
    <test name="Homepage Test" duration-ms="15042" started-at="2021-04-20T12:34:53 IST" finished-at="2021-04-20T12:35:08 IST">
      <class name="Academy.Homepage">
        <test-method status="PASS" signature="initializeDriver()[pri:0, instance:Academy.Homepage@97e93f1]" name="initializeDriver" is-config="true" duration-ms="1667" started-at="2021-04-20T12:34:53 IST" finished-at="2021-04-20T12:34:55 IST">
          <reporter-output>
          </reporter-output>
        </test-method> <!-- initializeDriver -->
        <test-method status="PASS" signature="basePageNavigations(java.lang.String,java.lang.String,java.lang.String)[pri:0, instance:Academy.Homepage@97e93f1]" name="basePageNavigations" duration-ms="8850" started-at="2021-04-20T12:34:55 IST" data-provider="getData" finished-at="2021-04-20T12:35:04 IST">
          <params>
            <param index="0">
              <value>
                <![CDATA[Anusha.singamala@gmail.com]]>
              </value>
            </param>
            <param index="1">
              <value>
                <![CDATA[abcdfe]]>
              </value>
            </param>
            <param index="2">
              <value is-null="true"/>
            </param>
          </params>
          <reporter-output>
          </reporter-output>
        </test-method> <!-- basePageNavigations -->
        <test-method status="PASS" signature="basePageNavigations(java.lang.String,java.lang.String,java.lang.String)[pri:0, instance:Academy.Homepage@97e93f1]" name="basePageNavigations" duration-ms="4170" started-at="2021-04-20T12:35:04 IST" data-provider="getData" finished-at="2021-04-20T12:35:08 IST">
          <params>
            <param index="0">
              <value>
                <![CDATA[Anusha.s@gmail.com]]>
              </value>
            </param>
            <param index="1">
              <value>
                <![CDATA[abcdfe]]>
              </value>
            </param>
            <param index="2">
              <value is-null="true"/>
            </param>
          </params>
          <reporter-output>
          </reporter-output>
        </test-method> <!-- basePageNavigations -->
        <test-method status="PASS" signature="tearDown()[pri:0, instance:Academy.Homepage@97e93f1]" name="tearDown" is-config="true" duration-ms="341" started-at="2021-04-20T12:35:08 IST" finished-at="2021-04-20T12:35:08 IST">
          <reporter-output>
          </reporter-output>
        </test-method> <!-- tearDown -->
      </class> <!-- Academy.Homepage -->
    </test> <!-- Homepage Test -->
  </suite> <!-- Suite -->
</testng-results>
