<?xml version="1.0" encoding="UTF-8"?>
<testng-results skipped="0" failed="1" ignored="0" total="4" passed="3">
  <reporter-output>
  </reporter-output>
  <suite name="Suite" duration-ms="35048" started-at="2021-04-20T10:24:36 IST" finished-at="2021-04-20T10:25:11 IST">
    <groups>
    </groups>
    <test name="validatingTitles" duration-ms="12731" started-at="2021-04-20T10:24:36 IST" finished-at="2021-04-20T10:24:49 IST">
      <class name="Academy.ValidationTitles">
        <test-method status="PASS" signature="initializeDriver()[pri:0, instance:Academy.ValidationTitles@5a5a729f]" name="initializeDriver" is-config="true" duration-ms="9991" started-at="2021-04-20T10:24:36 IST" finished-at="2021-04-20T10:24:46 IST">
          <reporter-output>
          </reporter-output>
        </test-method> <!-- initializeDriver -->
        <test-method status="FAIL" signature="ValidateTitles()[pri:0, instance:Academy.ValidationTitles@5a5a729f]" name="ValidateTitles" duration-ms="655" started-at="2021-04-20T10:24:46 IST" finished-at="2021-04-20T10:24:47 IST">
          <exception class="java.lang.AssertionError">
            <message>
              <![CDATA[expected [FEATURddED COURSES] but found [FEATURED COURSES]]]>
            </message>
            <full-stacktrace>
              <![CDATA[java.lang.AssertionError: expected [FEATURddED COURSES] but found [FEATURED COURSES]
at org.testng.Assert.fail(Assert.java:99)
at org.testng.Assert.failNotEquals(Assert.java:1037)
at org.testng.Assert.assertEqualsImpl(Assert.java:140)
at org.testng.Assert.assertEquals(Assert.java:122)
at org.testng.Assert.assertEquals(Assert.java:629)
at org.testng.Assert.assertEquals(Assert.java:639)
at Academy.ValidationTitles.ValidateTitles(ValidationTitles.java:34)
at sun.reflect.NativeMethodAccessorImpl.invoke0(Native Method)
at sun.reflect.NativeMethodAccessorImpl.invoke(NativeMethodAccessorImpl.java:62)
at sun.reflect.DelegatingMethodAccessorImpl.invoke(DelegatingMethodAccessorImpl.java:43)
at java.lang.reflect.Method.invoke(Method.java:498)
at org.testng.internal.MethodInvocationHelper.invokeMethod(MethodInvocationHelper.java:132)
at org.testng.internal.TestInvoker.invokeMethod(TestInvoker.java:599)
at org.testng.internal.TestInvoker.invokeTestMethod(TestInvoker.java:174)
at org.testng.internal.MethodRunner.runInSequence(MethodRunner.java:46)
at org.testng.internal.TestInvoker$MethodInvocationAgent.invoke(TestInvoker.java:822)
at org.testng.internal.TestInvoker.invokeTestMethods(TestInvoker.java:147)
at org.testng.internal.TestMethodWorker.invokeTestMethods(TestMethodWorker.java:146)
at org.testng.internal.TestMethodWorker.run(TestMethodWorker.java:128)
at java.util.ArrayList.forEach(ArrayList.java:1257)
at org.testng.TestRunner.privateRun(TestRunner.java:764)
at org.testng.TestRunner.run(TestRunner.java:585)
at org.testng.SuiteRunner.runTest(SuiteRunner.java:384)
at org.testng.SuiteRunner.runSequentially(SuiteRunner.java:378)
at org.testng.SuiteRunner.privateRun(SuiteRunner.java:337)
at org.testng.SuiteRunner.run(SuiteRunner.java:286)
at org.testng.SuiteRunnerWorker.runSuite(SuiteRunnerWorker.java:53)
at org.testng.SuiteRunnerWorker.run(SuiteRunnerWorker.java:96)
at org.testng.TestNG.runSuitesSequentially(TestNG.java:1218)
at org.testng.TestNG.runSuitesLocally(TestNG.java:1140)
at org.testng.TestNG.runSuites(TestNG.java:1069)
at org.testng.TestNG.run(TestNG.java:1037)
at org.testng.remote.AbstractRemoteTestNG.run(AbstractRemoteTestNG.java:115)
at org.testng.remote.RemoteTestNG.initAndRun(RemoteTestNG.java:251)
at org.testng.remote.RemoteTestNG.main(RemoteTestNG.java:77)
]]>
            </full-stacktrace>
          </exception> <!-- java.lang.AssertionError -->
          <reporter-output>
          </reporter-output>
        </test-method> <!-- ValidateTitles -->
        <test-method status="PASS" signature="tearDown()[pri:0, instance:Academy.ValidationTitles@5a5a729f]" name="tearDown" is-config="true" duration-ms="657" started-at="2021-04-20T10:24:48 IST" finished-at="2021-04-20T10:24:49 IST">
          <reporter-output>
          </reporter-output>
        </test-method> <!-- tearDown -->
      </class> <!-- Academy.ValidationTitles -->
    </test> <!-- validatingTitles -->
    <test name="validating nav bars" duration-ms="8593" started-at="2021-04-20T10:24:50 IST" finished-at="2021-04-20T10:24:59 IST">
      <class name="Academy.ValidationNavBars">
        <test-method status="PASS" signature="initializeDriver()[pri:0, instance:Academy.ValidationNavBars@6933b6c6]" name="initializeDriver" is-config="true" duration-ms="7851" started-at="2021-04-20T10:24:50 IST" finished-at="2021-04-20T10:24:58 IST">
          <reporter-output>
          </reporter-output>
        </test-method> <!-- initializeDriver -->
        <test-method status="PASS" signature="validateAppNavBars()[pri:0, instance:Academy.ValidationNavBars@6933b6c6]" name="validateAppNavBars" duration-ms="387" started-at="2021-04-20T10:24:58 IST" finished-at="2021-04-20T10:24:58 IST">
          <reporter-output>
          </reporter-output>
        </test-method> <!-- validateAppNavBars -->
        <test-method status="PASS" signature="tearDown()[pri:0, instance:Academy.ValidationNavBars@6933b6c6]" name="tearDown" is-config="true" duration-ms="351" started-at="2021-04-20T10:24:58 IST" finished-at="2021-04-20T10:24:59 IST">
          <reporter-output>
          </reporter-output>
        </test-method> <!-- tearDown -->
      </class> <!-- Academy.ValidationNavBars -->
    </test> <!-- validating nav bars -->
    <test name="Homepage Test" duration-ms="12236" started-at="2021-04-20T10:24:59 IST" finished-at="2021-04-20T10:25:11 IST">
      <class name="Academy.Homepage">
        <test-method status="PASS" signature="initializeDriver()[pri:0, instance:Academy.Homepage@2f953efd]" name="initializeDriver" is-config="true" duration-ms="1699" started-at="2021-04-20T10:24:59 IST" finished-at="2021-04-20T10:25:00 IST">
          <reporter-output>
          </reporter-output>
        </test-method> <!-- initializeDriver -->
        <test-method status="PASS" signature="basePageNavigations(java.lang.String, java.lang.String, java.lang.String)[pri:0, instance:Academy.Homepage@2f953efd]" name="basePageNavigations" duration-ms="7066" started-at="2021-04-20T10:25:00 IST" data-provider="getData" finished-at="2021-04-20T10:25:07 IST">
          <params>
            <param index="0">
              <value>
                <![CDATA[Anusha.singamala@gmail.com]]>
              </value>
            </param>
            <param index="1">
              <value>
                <![CDATA[abcdfe]]>
              </value>
            </param>
            <param index="2">
              <value is-null="true"/>
            </param>
          </params>
          <reporter-output>
          </reporter-output>
        </test-method> <!-- basePageNavigations -->
        <test-method status="PASS" signature="basePageNavigations(java.lang.String, java.lang.String, java.lang.String)[pri:0, instance:Academy.Homepage@2f953efd]" name="basePageNavigations" duration-ms="3167" started-at="2021-04-20T10:25:07 IST" data-provider="getData" finished-at="2021-04-20T10:25:11 IST">
          <params>
            <param index="0">
              <value>
                <![CDATA[Anusha.s@gmail.com]]>
              </value>
            </param>
            <param index="1">
              <value>
                <![CDATA[abcdfe]]>
              </value>
            </param>
            <param index="2">
              <value is-null="true"/>
            </param>
          </params>
          <reporter-output>
          </reporter-output>
        </test-method> <!-- basePageNavigations -->
        <test-method status="PASS" signature="tearDown()[pri:0, instance:Academy.Homepage@2f953efd]" name="tearDown" is-config="true" duration-ms="289" started-at="2021-04-20T10:25:11 IST" finished-at="2021-04-20T10:25:11 IST">
          <reporter-output>
          </reporter-output>
        </test-method> <!-- tearDown -->
      </class> <!-- Academy.Homepage -->
    </test> <!-- Homepage Test -->
  </suite> <!-- Suite -->
</testng-results>
